<?xml version="1.0" encoding="UTF-8"?>
<robot generator="Robot 6.0.2 (Python 3.11.0 on win32)" generated="20230203 15:50:10.002" rpa="false" schemaversion="3">
<suite id="s1" name="Ping Test" source="D:\Livewire\Repos\robot-pingtest\ping_test.robot">
<test id="s1-t1" name="Given host is reachable" line="5">
<kw name="Ping and Process Response">
<arg>address=8.8.8.8</arg>
<arg>num packets=1</arg>
<kw name="Ping Address" library="PingLibrary">
<var>${response}</var>
<arg>${address}</arg>
<arg>${num packets}</arg>
<msg timestamp="20230203 15:50:10.051" level="INFO">${response} = {'sent': '1', 'rcvd': '1', 'lost': '0', 'loss': '0', 'min_ping': '7', 'max_ping': '7', 'avg_ping': '7'}</msg>
<status status="PASS" starttime="20230203 15:50:10.029" endtime="20230203 15:50:10.051"/>
</kw>
<kw name="Process Response">
<arg>${response}</arg>
<kw name="Set Global Variable" library="BuiltIn">
<arg>${LOSS}</arg>
<arg>${response}[loss]</arg>
<doc>Makes a variable available globally in all tests and suites.</doc>
<msg timestamp="20230203 15:50:10.051" level="INFO">${LOSS} = 0</msg>
<status status="PASS" starttime="20230203 15:50:10.051" endtime="20230203 15:50:10.051"/>
</kw>
<kw name="Set Global Variable" library="BuiltIn">
<arg>${AVG PING}</arg>
<arg>${response}[avg_ping]</arg>
<doc>Makes a variable available globally in all tests and suites.</doc>
<msg timestamp="20230203 15:50:10.051" level="INFO">${AVG PING} = 7</msg>
<status status="PASS" starttime="20230203 15:50:10.051" endtime="20230203 15:50:10.052"/>
</kw>
<kw name="Set Global Variable" library="BuiltIn">
<arg>${SENT}</arg>
<arg>${response}[sent]</arg>
<doc>Makes a variable available globally in all tests and suites.</doc>
<msg timestamp="20230203 15:50:10.052" level="INFO">${SENT} = 1</msg>
<status status="PASS" starttime="20230203 15:50:10.052" endtime="20230203 15:50:10.052"/>
</kw>
<kw name="Set Global Variable" library="BuiltIn">
<arg>${RECEIVED}</arg>
<arg>${response}[rcvd]</arg>
<doc>Makes a variable available globally in all tests and suites.</doc>
<msg timestamp="20230203 15:50:10.052" level="INFO">${RECEIVED} = 1</msg>
<status status="PASS" starttime="20230203 15:50:10.052" endtime="20230203 15:50:10.052"/>
</kw>
<kw name="Set Global Variable" library="BuiltIn">
<arg>${LOST}</arg>
<arg>${response}[lost]</arg>
<doc>Makes a variable available globally in all tests and suites.</doc>
<msg timestamp="20230203 15:50:10.052" level="INFO">${LOST} = 0</msg>
<status status="PASS" starttime="20230203 15:50:10.052" endtime="20230203 15:50:10.052"/>
</kw>
<status status="PASS" starttime="20230203 15:50:10.051" endtime="20230203 15:50:10.052"/>
</kw>
<status status="PASS" starttime="20230203 15:50:10.029" endtime="20230203 15:50:10.052"/>
</kw>
<status status="PASS" starttime="20230203 15:50:10.028" endtime="20230203 15:50:10.053"/>
</test>
<test id="s1-t2" name="Loss within acceptable threshold" line="8">
<kw name="Compare Loss with Threshold">
<kw name="Log" library="BuiltIn">
<arg>Sent \= ${SENT}, Received \= ${RECEIVED}, Lost \= ${LOST}, Packet Loss \= ${LOSS}%</arg>
<doc>Logs the given message with the given level.</doc>
<msg timestamp="20230203 15:50:10.055" level="INFO">Sent = 1, Received = 1, Lost = 0, Packet Loss = 0%</msg>
<status status="PASS" starttime="20230203 15:50:10.055" endtime="20230203 15:50:10.055"/>
</kw>
<if>
<branch type="IF" condition="${LOSS} &gt; ${MAX LOSS}">
<kw name="Fail" library="BuiltIn">
<arg>${LOSS}% loss is above ${MAX LOSS}% threshold.</arg>
<doc>Fails the test with the given message and optionally alters its tags.</doc>
<status status="NOT RUN" starttime="20230203 15:50:10.056" endtime="20230203 15:50:10.056"/>
</kw>
<status status="NOT RUN" starttime="20230203 15:50:10.055" endtime="20230203 15:50:10.056"/>
</branch>
<status status="PASS" starttime="20230203 15:50:10.055" endtime="20230203 15:50:10.056"/>
</if>
<status status="PASS" starttime="20230203 15:50:10.055" endtime="20230203 15:50:10.056"/>
</kw>
<status status="PASS" starttime="20230203 15:50:10.054" endtime="20230203 15:50:10.056"/>
</test>
<test id="s1-t3" name="Average ping within acceptable threshold" line="11">
<kw name="Compare Average Ping with Threshold">
<kw name="Log" library="BuiltIn">
<arg>Average ping over ${RECEIVED}/${SENT} packets is ${AVG PING}ms</arg>
<doc>Logs the given message with the given level.</doc>
<msg timestamp="20230203 15:50:10.058" level="INFO">Average ping over 1/1 packets is 7ms</msg>
<status status="PASS" starttime="20230203 15:50:10.058" endtime="20230203 15:50:10.058"/>
</kw>
<if>
<branch type="IF" condition="${AVG PING} &gt; ${MAX AVG PING}">
<kw name="Fail" library="BuiltIn">
<arg>${AVG PING}ms is above ${MAX AVG PING}ms threshold.</arg>
<doc>Fails the test with the given message and optionally alters its tags.</doc>
<status status="NOT RUN" starttime="20230203 15:50:10.058" endtime="20230203 15:50:10.058"/>
</kw>
<status status="NOT RUN" starttime="20230203 15:50:10.058" endtime="20230203 15:50:10.058"/>
</branch>
<status status="PASS" starttime="20230203 15:50:10.058" endtime="20230203 15:50:10.058"/>
</if>
<status status="PASS" starttime="20230203 15:50:10.057" endtime="20230203 15:50:10.058"/>
</kw>
<status status="PASS" starttime="20230203 15:50:10.057" endtime="20230203 15:50:10.059"/>
</test>
<test id="s1-t4" name="Connection to given host is good" line="14">
<kw name="Loss and Ping Within Acceptable Thresholds">
<arg>address=1.1.1.1</arg>
<arg>num packets=1</arg>
<kw name="Ping and Process Response">
<arg>${address}</arg>
<arg>${num packets}</arg>
<kw name="Ping Address" library="PingLibrary">
<var>${response}</var>
<arg>${address}</arg>
<arg>${num packets}</arg>
<msg timestamp="20230203 15:50:10.080" level="INFO">${response} = {'sent': '1', 'rcvd': '1', 'lost': '0', 'loss': '0', 'min_ping': '8', 'max_ping': '8', 'avg_ping': '8'}</msg>
<status status="PASS" starttime="20230203 15:50:10.061" endtime="20230203 15:50:10.080"/>
</kw>
<kw name="Process Response">
<arg>${response}</arg>
<kw name="Set Global Variable" library="BuiltIn">
<arg>${LOSS}</arg>
<arg>${response}[loss]</arg>
<doc>Makes a variable available globally in all tests and suites.</doc>
<msg timestamp="20230203 15:50:10.081" level="INFO">${LOSS} = 0</msg>
<status status="PASS" starttime="20230203 15:50:10.081" endtime="20230203 15:50:10.081"/>
</kw>
<kw name="Set Global Variable" library="BuiltIn">
<arg>${AVG PING}</arg>
<arg>${response}[avg_ping]</arg>
<doc>Makes a variable available globally in all tests and suites.</doc>
<msg timestamp="20230203 15:50:10.082" level="INFO">${AVG PING} = 8</msg>
<status status="PASS" starttime="20230203 15:50:10.081" endtime="20230203 15:50:10.082"/>
</kw>
<kw name="Set Global Variable" library="BuiltIn">
<arg>${SENT}</arg>
<arg>${response}[sent]</arg>
<doc>Makes a variable available globally in all tests and suites.</doc>
<msg timestamp="20230203 15:50:10.082" level="INFO">${SENT} = 1</msg>
<status status="PASS" starttime="20230203 15:50:10.082" endtime="20230203 15:50:10.082"/>
</kw>
<kw name="Set Global Variable" library="BuiltIn">
<arg>${RECEIVED}</arg>
<arg>${response}[rcvd]</arg>
<doc>Makes a variable available globally in all tests and suites.</doc>
<msg timestamp="20230203 15:50:10.083" level="INFO">${RECEIVED} = 1</msg>
<status status="PASS" starttime="20230203 15:50:10.082" endtime="20230203 15:50:10.083"/>
</kw>
<kw name="Set Global Variable" library="BuiltIn">
<arg>${LOST}</arg>
<arg>${response}[lost]</arg>
<doc>Makes a variable available globally in all tests and suites.</doc>
<msg timestamp="20230203 15:50:10.083" level="INFO">${LOST} = 0</msg>
<status status="PASS" starttime="20230203 15:50:10.083" endtime="20230203 15:50:10.083"/>
</kw>
<status status="PASS" starttime="20230203 15:50:10.080" endtime="20230203 15:50:10.083"/>
</kw>
<status status="PASS" starttime="20230203 15:50:10.061" endtime="20230203 15:50:10.083"/>
</kw>
<kw name="Compare Average Ping with Threshold">
<kw name="Log" library="BuiltIn">
<arg>Average ping over ${RECEIVED}/${SENT} packets is ${AVG PING}ms</arg>
<doc>Logs the given message with the given level.</doc>
<msg timestamp="20230203 15:50:10.084" level="INFO">Average ping over 1/1 packets is 8ms</msg>
<status status="PASS" starttime="20230203 15:50:10.083" endtime="20230203 15:50:10.084"/>
</kw>
<if>
<branch type="IF" condition="${AVG PING} &gt; ${MAX AVG PING}">
<kw name="Fail" library="BuiltIn">
<arg>${AVG PING}ms is above ${MAX AVG PING}ms threshold.</arg>
<doc>Fails the test with the given message and optionally alters its tags.</doc>
<status status="NOT RUN" starttime="20230203 15:50:10.084" endtime="20230203 15:50:10.084"/>
</kw>
<status status="NOT RUN" starttime="20230203 15:50:10.084" endtime="20230203 15:50:10.084"/>
</branch>
<status status="PASS" starttime="20230203 15:50:10.084" endtime="20230203 15:50:10.084"/>
</if>
<status status="PASS" starttime="20230203 15:50:10.083" endtime="20230203 15:50:10.084"/>
</kw>
<kw name="Compare Loss with Threshold">
<kw name="Log" library="BuiltIn">
<arg>Sent \= ${SENT}, Received \= ${RECEIVED}, Lost \= ${LOST}, Packet Loss \= ${LOSS}%</arg>
<doc>Logs the given message with the given level.</doc>
<msg timestamp="20230203 15:50:10.084" level="INFO">Sent = 1, Received = 1, Lost = 0, Packet Loss = 0%</msg>
<status status="PASS" starttime="20230203 15:50:10.084" endtime="20230203 15:50:10.084"/>
</kw>
<if>
<branch type="IF" condition="${LOSS} &gt; ${MAX LOSS}">
<kw name="Fail" library="BuiltIn">
<arg>${LOSS}% loss is above ${MAX LOSS}% threshold.</arg>
<doc>Fails the test with the given message and optionally alters its tags.</doc>
<status status="NOT RUN" starttime="20230203 15:50:10.085" endtime="20230203 15:50:10.085"/>
</kw>
<status status="NOT RUN" starttime="20230203 15:50:10.084" endtime="20230203 15:50:10.085"/>
</branch>
<status status="PASS" starttime="20230203 15:50:10.084" endtime="20230203 15:50:10.085"/>
</if>
<status status="PASS" starttime="20230203 15:50:10.084" endtime="20230203 15:50:10.085"/>
</kw>
<status status="PASS" starttime="20230203 15:50:10.061" endtime="20230203 15:50:10.085"/>
</kw>
<status status="PASS" starttime="20230203 15:50:10.060" endtime="20230203 15:50:10.085"/>
</test>
<test id="s1-t5" name="Connection to multiple given hosts is good" line="17">
<kw name="Loss and Ping Within Acceptable Thresholds">
<arg>1.0.0.1</arg>
<arg>1</arg>
<kw name="Ping and Process Response">
<arg>${address}</arg>
<arg>${num packets}</arg>
<kw name="Ping Address" library="PingLibrary">
<var>${response}</var>
<arg>${address}</arg>
<arg>${num packets}</arg>
<msg timestamp="20230203 15:50:10.105" level="INFO">${response} = {'sent': '1', 'rcvd': '1', 'lost': '0', 'loss': '0', 'min_ping': '6', 'max_ping': '6', 'avg_ping': '6'}</msg>
<status status="PASS" starttime="20230203 15:50:10.087" endtime="20230203 15:50:10.105"/>
</kw>
<kw name="Process Response">
<arg>${response}</arg>
<kw name="Set Global Variable" library="BuiltIn">
<arg>${LOSS}</arg>
<arg>${response}[loss]</arg>
<doc>Makes a variable available globally in all tests and suites.</doc>
<msg timestamp="20230203 15:50:10.106" level="INFO">${LOSS} = 0</msg>
<status status="PASS" starttime="20230203 15:50:10.105" endtime="20230203 15:50:10.106"/>
</kw>
<kw name="Set Global Variable" library="BuiltIn">
<arg>${AVG PING}</arg>
<arg>${response}[avg_ping]</arg>
<doc>Makes a variable available globally in all tests and suites.</doc>
<msg timestamp="20230203 15:50:10.106" level="INFO">${AVG PING} = 6</msg>
<status status="PASS" starttime="20230203 15:50:10.106" endtime="20230203 15:50:10.106"/>
</kw>
<kw name="Set Global Variable" library="BuiltIn">
<arg>${SENT}</arg>
<arg>${response}[sent]</arg>
<doc>Makes a variable available globally in all tests and suites.</doc>
<msg timestamp="20230203 15:50:10.106" level="INFO">${SENT} = 1</msg>
<status status="PASS" starttime="20230203 15:50:10.106" endtime="20230203 15:50:10.106"/>
</kw>
<kw name="Set Global Variable" library="BuiltIn">
<arg>${RECEIVED}</arg>
<arg>${response}[rcvd]</arg>
<doc>Makes a variable available globally in all tests and suites.</doc>
<msg timestamp="20230203 15:50:10.106" level="INFO">${RECEIVED} = 1</msg>
<status status="PASS" starttime="20230203 15:50:10.106" endtime="20230203 15:50:10.107"/>
</kw>
<kw name="Set Global Variable" library="BuiltIn">
<arg>${LOST}</arg>
<arg>${response}[lost]</arg>
<doc>Makes a variable available globally in all tests and suites.</doc>
<msg timestamp="20230203 15:50:10.107" level="INFO">${LOST} = 0</msg>
<status status="PASS" starttime="20230203 15:50:10.107" endtime="20230203 15:50:10.107"/>
</kw>
<status status="PASS" starttime="20230203 15:50:10.105" endtime="20230203 15:50:10.107"/>
</kw>
<status status="PASS" starttime="20230203 15:50:10.087" endtime="20230203 15:50:10.107"/>
</kw>
<kw name="Compare Average Ping with Threshold">
<kw name="Log" library="BuiltIn">
<arg>Average ping over ${RECEIVED}/${SENT} packets is ${AVG PING}ms</arg>
<doc>Logs the given message with the given level.</doc>
<msg timestamp="20230203 15:50:10.107" level="INFO">Average ping over 1/1 packets is 6ms</msg>
<status status="PASS" starttime="20230203 15:50:10.107" endtime="20230203 15:50:10.107"/>
</kw>
<if>
<branch type="IF" condition="${AVG PING} &gt; ${MAX AVG PING}">
<kw name="Fail" library="BuiltIn">
<arg>${AVG PING}ms is above ${MAX AVG PING}ms threshold.</arg>
<doc>Fails the test with the given message and optionally alters its tags.</doc>
<status status="NOT RUN" starttime="20230203 15:50:10.107" endtime="20230203 15:50:10.107"/>
</kw>
<status status="NOT RUN" starttime="20230203 15:50:10.107" endtime="20230203 15:50:10.108"/>
</branch>
<status status="PASS" starttime="20230203 15:50:10.107" endtime="20230203 15:50:10.108"/>
</if>
<status status="PASS" starttime="20230203 15:50:10.107" endtime="20230203 15:50:10.108"/>
</kw>
<kw name="Compare Loss with Threshold">
<kw name="Log" library="BuiltIn">
<arg>Sent \= ${SENT}, Received \= ${RECEIVED}, Lost \= ${LOST}, Packet Loss \= ${LOSS}%</arg>
<doc>Logs the given message with the given level.</doc>
<msg timestamp="20230203 15:50:10.108" level="INFO">Sent = 1, Received = 1, Lost = 0, Packet Loss = 0%</msg>
<status status="PASS" starttime="20230203 15:50:10.108" endtime="20230203 15:50:10.108"/>
</kw>
<if>
<branch type="IF" condition="${LOSS} &gt; ${MAX LOSS}">
<kw name="Fail" library="BuiltIn">
<arg>${LOSS}% loss is above ${MAX LOSS}% threshold.</arg>
<doc>Fails the test with the given message and optionally alters its tags.</doc>
<status status="NOT RUN" starttime="20230203 15:50:10.108" endtime="20230203 15:50:10.108"/>
</kw>
<status status="NOT RUN" starttime="20230203 15:50:10.108" endtime="20230203 15:50:10.108"/>
</branch>
<status status="PASS" starttime="20230203 15:50:10.108" endtime="20230203 15:50:10.108"/>
</if>
<status status="PASS" starttime="20230203 15:50:10.108" endtime="20230203 15:50:10.108"/>
</kw>
<status status="PASS" starttime="20230203 15:50:10.087" endtime="20230203 15:50:10.108"/>
</kw>
<kw name="Loss and Ping Within Acceptable Thresholds">
<arg>8.8.4.4</arg>
<arg>1</arg>
<kw name="Ping and Process Response">
<arg>${address}</arg>
<arg>${num packets}</arg>
<kw name="Ping Address" library="PingLibrary">
<var>${response}</var>
<arg>${address}</arg>
<arg>${num packets}</arg>
<msg timestamp="20230203 15:50:10.125" level="INFO">${response} = {'sent': '1', 'rcvd': '1', 'lost': '0', 'loss': '0', 'min_ping': '6', 'max_ping': '6', 'avg_ping': '6'}</msg>
<status status="PASS" starttime="20230203 15:50:10.110" endtime="20230203 15:50:10.125"/>
</kw>
<kw name="Process Response">
<arg>${response}</arg>
<kw name="Set Global Variable" library="BuiltIn">
<arg>${LOSS}</arg>
<arg>${response}[loss]</arg>
<doc>Makes a variable available globally in all tests and suites.</doc>
<msg timestamp="20230203 15:50:10.126" level="INFO">${LOSS} = 0</msg>
<status status="PASS" starttime="20230203 15:50:10.126" endtime="20230203 15:50:10.126"/>
</kw>
<kw name="Set Global Variable" library="BuiltIn">
<arg>${AVG PING}</arg>
<arg>${response}[avg_ping]</arg>
<doc>Makes a variable available globally in all tests and suites.</doc>
<msg timestamp="20230203 15:50:10.126" level="INFO">${AVG PING} = 6</msg>
<status status="PASS" starttime="20230203 15:50:10.126" endtime="20230203 15:50:10.126"/>
</kw>
<kw name="Set Global Variable" library="BuiltIn">
<arg>${SENT}</arg>
<arg>${response}[sent]</arg>
<doc>Makes a variable available globally in all tests and suites.</doc>
<msg timestamp="20230203 15:50:10.126" level="INFO">${SENT} = 1</msg>
<status status="PASS" starttime="20230203 15:50:10.126" endtime="20230203 15:50:10.126"/>
</kw>
<kw name="Set Global Variable" library="BuiltIn">
<arg>${RECEIVED}</arg>
<arg>${response}[rcvd]</arg>
<doc>Makes a variable available globally in all tests and suites.</doc>
<msg timestamp="20230203 15:50:10.127" level="INFO">${RECEIVED} = 1</msg>
<status status="PASS" starttime="20230203 15:50:10.127" endtime="20230203 15:50:10.127"/>
</kw>
<kw name="Set Global Variable" library="BuiltIn">
<arg>${LOST}</arg>
<arg>${response}[lost]</arg>
<doc>Makes a variable available globally in all tests and suites.</doc>
<msg timestamp="20230203 15:50:10.127" level="INFO">${LOST} = 0</msg>
<status status="PASS" starttime="20230203 15:50:10.127" endtime="20230203 15:50:10.127"/>
</kw>
<status status="PASS" starttime="20230203 15:50:10.125" endtime="20230203 15:50:10.127"/>
</kw>
<status status="PASS" starttime="20230203 15:50:10.109" endtime="20230203 15:50:10.127"/>
</kw>
<kw name="Compare Average Ping with Threshold">
<kw name="Log" library="BuiltIn">
<arg>Average ping over ${RECEIVED}/${SENT} packets is ${AVG PING}ms</arg>
<doc>Logs the given message with the given level.</doc>
<msg timestamp="20230203 15:50:10.127" level="INFO">Average ping over 1/1 packets is 6ms</msg>
<status status="PASS" starttime="20230203 15:50:10.127" endtime="20230203 15:50:10.127"/>
</kw>
<if>
<branch type="IF" condition="${AVG PING} &gt; ${MAX AVG PING}">
<kw name="Fail" library="BuiltIn">
<arg>${AVG PING}ms is above ${MAX AVG PING}ms threshold.</arg>
<doc>Fails the test with the given message and optionally alters its tags.</doc>
<status status="NOT RUN" starttime="20230203 15:50:10.128" endtime="20230203 15:50:10.128"/>
</kw>
<status status="NOT RUN" starttime="20230203 15:50:10.128" endtime="20230203 15:50:10.128"/>
</branch>
<status status="PASS" starttime="20230203 15:50:10.127" endtime="20230203 15:50:10.128"/>
</if>
<status status="PASS" starttime="20230203 15:50:10.127" endtime="20230203 15:50:10.128"/>
</kw>
<kw name="Compare Loss with Threshold">
<kw name="Log" library="BuiltIn">
<arg>Sent \= ${SENT}, Received \= ${RECEIVED}, Lost \= ${LOST}, Packet Loss \= ${LOSS}%</arg>
<doc>Logs the given message with the given level.</doc>
<msg timestamp="20230203 15:50:10.128" level="INFO">Sent = 1, Received = 1, Lost = 0, Packet Loss = 0%</msg>
<status status="PASS" starttime="20230203 15:50:10.128" endtime="20230203 15:50:10.128"/>
</kw>
<if>
<branch type="IF" condition="${LOSS} &gt; ${MAX LOSS}">
<kw name="Fail" library="BuiltIn">
<arg>${LOSS}% loss is above ${MAX LOSS}% threshold.</arg>
<doc>Fails the test with the given message and optionally alters its tags.</doc>
<status status="NOT RUN" starttime="20230203 15:50:10.128" endtime="20230203 15:50:10.128"/>
</kw>
<status status="NOT RUN" starttime="20230203 15:50:10.128" endtime="20230203 15:50:10.128"/>
</branch>
<status status="PASS" starttime="20230203 15:50:10.128" endtime="20230203 15:50:10.128"/>
</if>
<status status="PASS" starttime="20230203 15:50:10.128" endtime="20230203 15:50:10.128"/>
</kw>
<status status="PASS" starttime="20230203 15:50:10.109" endtime="20230203 15:50:10.129"/>
</kw>
<kw name="Loss and Ping Within Acceptable Thresholds">
<arg>1.1.1.2</arg>
<arg>1</arg>
<kw name="Ping and Process Response">
<arg>${address}</arg>
<arg>${num packets}</arg>
<kw name="Ping Address" library="PingLibrary">
<var>${response}</var>
<arg>${address}</arg>
<arg>${num packets}</arg>
<msg timestamp="20230203 15:50:10.146" level="INFO">${response} = {'sent': '1', 'rcvd': '1', 'lost': '0', 'loss': '0', 'min_ping': '7', 'max_ping': '7', 'avg_ping': '7'}</msg>
<status status="PASS" starttime="20230203 15:50:10.129" endtime="20230203 15:50:10.146"/>
</kw>
<kw name="Process Response">
<arg>${response}</arg>
<kw name="Set Global Variable" library="BuiltIn">
<arg>${LOSS}</arg>
<arg>${response}[loss]</arg>
<doc>Makes a variable available globally in all tests and suites.</doc>
<msg timestamp="20230203 15:50:10.147" level="INFO">${LOSS} = 0</msg>
<status status="PASS" starttime="20230203 15:50:10.147" endtime="20230203 15:50:10.147"/>
</kw>
<kw name="Set Global Variable" library="BuiltIn">
<arg>${AVG PING}</arg>
<arg>${response}[avg_ping]</arg>
<doc>Makes a variable available globally in all tests and suites.</doc>
<msg timestamp="20230203 15:50:10.147" level="INFO">${AVG PING} = 7</msg>
<status status="PASS" starttime="20230203 15:50:10.147" endtime="20230203 15:50:10.147"/>
</kw>
<kw name="Set Global Variable" library="BuiltIn">
<arg>${SENT}</arg>
<arg>${response}[sent]</arg>
<doc>Makes a variable available globally in all tests and suites.</doc>
<msg timestamp="20230203 15:50:10.147" level="INFO">${SENT} = 1</msg>
<status status="PASS" starttime="20230203 15:50:10.147" endtime="20230203 15:50:10.147"/>
</kw>
<kw name="Set Global Variable" library="BuiltIn">
<arg>${RECEIVED}</arg>
<arg>${response}[rcvd]</arg>
<doc>Makes a variable available globally in all tests and suites.</doc>
<msg timestamp="20230203 15:50:10.148" level="INFO">${RECEIVED} = 1</msg>
<status status="PASS" starttime="20230203 15:50:10.147" endtime="20230203 15:50:10.148"/>
</kw>
<kw name="Set Global Variable" library="BuiltIn">
<arg>${LOST}</arg>
<arg>${response}[lost]</arg>
<doc>Makes a variable available globally in all tests and suites.</doc>
<msg timestamp="20230203 15:50:10.148" level="INFO">${LOST} = 0</msg>
<status status="PASS" starttime="20230203 15:50:10.148" endtime="20230203 15:50:10.148"/>
</kw>
<status status="PASS" starttime="20230203 15:50:10.146" endtime="20230203 15:50:10.148"/>
</kw>
<status status="PASS" starttime="20230203 15:50:10.129" endtime="20230203 15:50:10.148"/>
</kw>
<kw name="Compare Average Ping with Threshold">
<kw name="Log" library="BuiltIn">
<arg>Average ping over ${RECEIVED}/${SENT} packets is ${AVG PING}ms</arg>
<doc>Logs the given message with the given level.</doc>
<msg timestamp="20230203 15:50:10.148" level="INFO">Average ping over 1/1 packets is 7ms</msg>
<status status="PASS" starttime="20230203 15:50:10.148" endtime="20230203 15:50:10.148"/>
</kw>
<if>
<branch type="IF" condition="${AVG PING} &gt; ${MAX AVG PING}">
<kw name="Fail" library="BuiltIn">
<arg>${AVG PING}ms is above ${MAX AVG PING}ms threshold.</arg>
<doc>Fails the test with the given message and optionally alters its tags.</doc>
<status status="NOT RUN" starttime="20230203 15:50:10.149" endtime="20230203 15:50:10.149"/>
</kw>
<status status="NOT RUN" starttime="20230203 15:50:10.148" endtime="20230203 15:50:10.149"/>
</branch>
<status status="PASS" starttime="20230203 15:50:10.148" endtime="20230203 15:50:10.149"/>
</if>
<status status="PASS" starttime="20230203 15:50:10.148" endtime="20230203 15:50:10.149"/>
</kw>
<kw name="Compare Loss with Threshold">
<kw name="Log" library="BuiltIn">
<arg>Sent \= ${SENT}, Received \= ${RECEIVED}, Lost \= ${LOST}, Packet Loss \= ${LOSS}%</arg>
<doc>Logs the given message with the given level.</doc>
<msg timestamp="20230203 15:50:10.149" level="INFO">Sent = 1, Received = 1, Lost = 0, Packet Loss = 0%</msg>
<status status="PASS" starttime="20230203 15:50:10.149" endtime="20230203 15:50:10.149"/>
</kw>
<if>
<branch type="IF" condition="${LOSS} &gt; ${MAX LOSS}">
<kw name="Fail" library="BuiltIn">
<arg>${LOSS}% loss is above ${MAX LOSS}% threshold.</arg>
<doc>Fails the test with the given message and optionally alters its tags.</doc>
<status status="NOT RUN" starttime="20230203 15:50:10.150" endtime="20230203 15:50:10.150"/>
</kw>
<status status="NOT RUN" starttime="20230203 15:50:10.149" endtime="20230203 15:50:10.150"/>
</branch>
<status status="PASS" starttime="20230203 15:50:10.149" endtime="20230203 15:50:10.150"/>
</if>
<status status="PASS" starttime="20230203 15:50:10.149" endtime="20230203 15:50:10.150"/>
</kw>
<status status="PASS" starttime="20230203 15:50:10.129" endtime="20230203 15:50:10.150"/>
</kw>
<kw name="Loss and Ping Within Acceptable Thresholds">
<arg>1.0.0.2</arg>
<arg>1</arg>
<kw name="Ping and Process Response">
<arg>${address}</arg>
<arg>${num packets}</arg>
<kw name="Ping Address" library="PingLibrary">
<var>${response}</var>
<arg>${address}</arg>
<arg>${num packets}</arg>
<msg timestamp="20230203 15:50:10.169" level="INFO">${response} = {'sent': '1', 'rcvd': '1', 'lost': '0', 'loss': '0', 'min_ping': '8', 'max_ping': '8', 'avg_ping': '8'}</msg>
<status status="PASS" starttime="20230203 15:50:10.151" endtime="20230203 15:50:10.169"/>
</kw>
<kw name="Process Response">
<arg>${response}</arg>
<kw name="Set Global Variable" library="BuiltIn">
<arg>${LOSS}</arg>
<arg>${response}[loss]</arg>
<doc>Makes a variable available globally in all tests and suites.</doc>
<msg timestamp="20230203 15:50:10.170" level="INFO">${LOSS} = 0</msg>
<status status="PASS" starttime="20230203 15:50:10.169" endtime="20230203 15:50:10.170"/>
</kw>
<kw name="Set Global Variable" library="BuiltIn">
<arg>${AVG PING}</arg>
<arg>${response}[avg_ping]</arg>
<doc>Makes a variable available globally in all tests and suites.</doc>
<msg timestamp="20230203 15:50:10.170" level="INFO">${AVG PING} = 8</msg>
<status status="PASS" starttime="20230203 15:50:10.170" endtime="20230203 15:50:10.170"/>
</kw>
<kw name="Set Global Variable" library="BuiltIn">
<arg>${SENT}</arg>
<arg>${response}[sent]</arg>
<doc>Makes a variable available globally in all tests and suites.</doc>
<msg timestamp="20230203 15:50:10.170" level="INFO">${SENT} = 1</msg>
<status status="PASS" starttime="20230203 15:50:10.170" endtime="20230203 15:50:10.170"/>
</kw>
<kw name="Set Global Variable" library="BuiltIn">
<arg>${RECEIVED}</arg>
<arg>${response}[rcvd]</arg>
<doc>Makes a variable available globally in all tests and suites.</doc>
<msg timestamp="20230203 15:50:10.171" level="INFO">${RECEIVED} = 1</msg>
<status status="PASS" starttime="20230203 15:50:10.170" endtime="20230203 15:50:10.171"/>
</kw>
<kw name="Set Global Variable" library="BuiltIn">
<arg>${LOST}</arg>
<arg>${response}[lost]</arg>
<doc>Makes a variable available globally in all tests and suites.</doc>
<msg timestamp="20230203 15:50:10.171" level="INFO">${LOST} = 0</msg>
<status status="PASS" starttime="20230203 15:50:10.171" endtime="20230203 15:50:10.171"/>
</kw>
<status status="PASS" starttime="20230203 15:50:10.169" endtime="20230203 15:50:10.171"/>
</kw>
<status status="PASS" starttime="20230203 15:50:10.150" endtime="20230203 15:50:10.171"/>
</kw>
<kw name="Compare Average Ping with Threshold">
<kw name="Log" library="BuiltIn">
<arg>Average ping over ${RECEIVED}/${SENT} packets is ${AVG PING}ms</arg>
<doc>Logs the given message with the given level.</doc>
<msg timestamp="20230203 15:50:10.171" level="INFO">Average ping over 1/1 packets is 8ms</msg>
<status status="PASS" starttime="20230203 15:50:10.171" endtime="20230203 15:50:10.171"/>
</kw>
<if>
<branch type="IF" condition="${AVG PING} &gt; ${MAX AVG PING}">
<kw name="Fail" library="BuiltIn">
<arg>${AVG PING}ms is above ${MAX AVG PING}ms threshold.</arg>
<doc>Fails the test with the given message and optionally alters its tags.</doc>
<status status="NOT RUN" starttime="20230203 15:50:10.172" endtime="20230203 15:50:10.172"/>
</kw>
<status status="NOT RUN" starttime="20230203 15:50:10.172" endtime="20230203 15:50:10.172"/>
</branch>
<status status="PASS" starttime="20230203 15:50:10.171" endtime="20230203 15:50:10.172"/>
</if>
<status status="PASS" starttime="20230203 15:50:10.171" endtime="20230203 15:50:10.172"/>
</kw>
<kw name="Compare Loss with Threshold">
<kw name="Log" library="BuiltIn">
<arg>Sent \= ${SENT}, Received \= ${RECEIVED}, Lost \= ${LOST}, Packet Loss \= ${LOSS}%</arg>
<doc>Logs the given message with the given level.</doc>
<msg timestamp="20230203 15:50:10.172" level="INFO">Sent = 1, Received = 1, Lost = 0, Packet Loss = 0%</msg>
<status status="PASS" starttime="20230203 15:50:10.172" endtime="20230203 15:50:10.172"/>
</kw>
<if>
<branch type="IF" condition="${LOSS} &gt; ${MAX LOSS}">
<kw name="Fail" library="BuiltIn">
<arg>${LOSS}% loss is above ${MAX LOSS}% threshold.</arg>
<doc>Fails the test with the given message and optionally alters its tags.</doc>
<status status="NOT RUN" starttime="20230203 15:50:10.172" endtime="20230203 15:50:10.173"/>
</kw>
<status status="NOT RUN" starttime="20230203 15:50:10.172" endtime="20230203 15:50:10.173"/>
</branch>
<status status="PASS" starttime="20230203 15:50:10.172" endtime="20230203 15:50:10.173"/>
</if>
<status status="PASS" starttime="20230203 15:50:10.172" endtime="20230203 15:50:10.173"/>
</kw>
<status status="PASS" starttime="20230203 15:50:10.150" endtime="20230203 15:50:10.173"/>
</kw>
<status status="PASS" starttime="20230203 15:50:10.086" endtime="20230203 15:50:10.173"/>
</test>
<status status="PASS" starttime="20230203 15:50:10.003" endtime="20230203 15:50:10.174"/>
</suite>
<statistics>
<total>
<stat pass="5" fail="0" skip="0">All Tests</stat>
</total>
<tag>
</tag>
<suite>
<stat pass="5" fail="0" skip="0" id="s1" name="Ping Test">Ping Test</stat>
</suite>
</statistics>
<errors>
</errors>
</robot>
